<?xml version="1.0" encoding="utf-8"?><testsuites name="pytest tests"><testsuite name="pytest" errors="0" failures="0" skipped="0" tests="12" time="2.105" timestamp="2026-07-30T17:29:00.890417+00:00" hostname="agent-env-b05564fd-c4e5-48cf-8926-22b6620d5dc5"><testcase classname="tests.test_appointment_rules.TestAppointmentAutoStatus" name="test_seed_past_appointment_direct_db" time="0.880" /><testcase classname="tests.test_appointment_rules.TestAppointmentAutoStatus" name="test_get_appointment_auto_flips_status" time="0.041" /><testcase classname="tests.test_appointment_rules.TestAppointmentAutoStatus" name="test_dashboard_stats_also_triggers_flip" time="0.254" /><testcase classname="tests.test_appointment_rules.TestAppointmentAutoStatus" name="test_list_appointments_also_flips" time="0.043" /><testcase classname="tests.test_appointment_rules.TestAppointmentAutoStatus" name="test_put_past_appointment_returns_403" time="0.074" /><testcase classname="tests.test_appointment_rules.TestAppointmentAutoStatus" name="test_delete_past_appointment_returns_403" time="0.076" /><testcase classname="tests.test_appointment_rules.TestAppointmentAutoStatus" name="test_status_update_no_informado_accepted" time="0.037" /><testcase classname="tests.test_appointment_rules.TestAppointmentAutoStatus" name="test_status_update_completada_and_cancelada" time="0.115" /><testcase classname="tests.test_appointment_rules.TestAppointmentAutoStatus" name="test_cleanup_past" time="0.003" /><testcase classname="tests.test_appointment_rules.TestUpcomingAppointmentsCounter" name="test_counter_increments_on_create" time="0.151" /><testcase classname="tests.test_appointment_rules.TestUpcomingAppointmentsCounter" name="test_today_appointment_edit_and_delete_still_work" time="0.179" /><testcase classname="tests.test_appointment_rules.TestProfilePhotoRoundtrip" name="test_set_and_clear_profile_photo" time="0.150" /></testsuite></testsuites>