<?xml version="1.0" encoding="utf-8"?><testsuites name="pytest tests"><testsuite name="pytest" errors="0" failures="0" skipped="0" tests="16" time="2.841" timestamp="2026-07-28T07:05:38.764448+00:00" hostname="agent-env-b05564fd-c4e5-48cf-8926-22b6620d5dc5"><testcase classname="tests.test_crm_bugfixes.TestAuth" name="test_login" time="1.174" /><testcase classname="tests.test_crm_bugfixes.TestClientDeleteConflict" name="test_create_client_and_property" time="0.115" /><testcase classname="tests.test_crm_bugfixes.TestClientDeleteConflict" name="test_delete_client_with_properties_returns_409" time="0.065" /><testcase classname="tests.test_crm_bugfixes.TestClientDeleteConflict" name="test_delete_client_cascade_true" time="0.134" /><testcase classname="tests.test_crm_bugfixes.TestDetailEndpoints" name="test_seed_entities" time="0.304" /><testcase classname="tests.test_crm_bugfixes.TestDetailEndpoints" name="test_get_lead_by_id" time="0.042" /><testcase classname="tests.test_crm_bugfixes.TestDetailEndpoints" name="test_get_property_by_id" time="0.038" /><testcase classname="tests.test_crm_bugfixes.TestDetailEndpoints" name="test_get_appointment_by_id" time="0.049" /><testcase classname="tests.test_crm_bugfixes.TestDetailEndpoints" name="test_edit_lead" time="0.118" /><testcase classname="tests.test_crm_bugfixes.TestDetailEndpoints" name="test_edit_appointment" time="0.078" /><testcase classname="tests.test_crm_bugfixes.TestDetailEndpoints" name="test_cleanup" time="0.180" /><testcase classname="tests.test_crm_bugfixes.TestBuyerReserve" name="test_list_buyer_reserves" time="0.051" /><testcase classname="tests.test_crm_bugfixes.TestBuyerReserve" name="test_create_and_list_buyer_reserve" time="0.200" /><testcase classname="tests.test_crm_bugfixes.TestErrors" name="test_get_lead_invalid_id" time="0.034" /><testcase classname="tests.test_crm_bugfixes.TestErrors" name="test_get_property_not_found" time="0.044" /><testcase classname="tests.test_crm_bugfixes.TestErrors" name="test_unauthorized" time="0.174" /></testsuite></testsuites>